<?xml version="1.0" encoding="UTF-8"?>
<testsuite name="calculation.TaskOneDateCheckTest" tests="5" skipped="0" failures="0" errors="0" timestamp="2023-11-17T11:14:36" hostname="EUGENIU" time="0.025">
  <properties/>
  <testcase name="checkNineteen()" classname="calculation.TaskOneDateCheckTest" time="0.014"/>
  <testcase name="checkEighteen()" classname="calculation.TaskOneDateCheckTest" time="0.002"/>
  <testcase name="checkSeventeen()" classname="calculation.TaskOneDateCheckTest" time="0.001"/>
  <testcase name="checkEighteenMinusOneDay()" classname="calculation.TaskOneDateCheckTest" time="0.002"/>
  <testcase name="checkEighteenPlusOneDay()" classname="calculation.TaskOneDateCheckTest" time="0.001"/>
  <system-out><![CDATA[]]></system-out>
  <system-err><![CDATA[]]></system-err>
</testsuite>
